<?xml version="1.0" encoding="utf-8"?><testsuites name="pytest tests"><testsuite name="pytest" errors="0" failures="0" skipped="0" tests="11" time="0.838" timestamp="2026-07-11T17:30:15.844957+00:00" hostname="agent-env-e6552582-d196-4ac4-9914-1dd5e5515330"><testcase classname="backend.tests.backend_test.TestHealth" name="test_health_ok" time="0.183" /><testcase classname="backend.tests.backend_test.TestStatus" name="test_status_has_state" time="0.042" /><testcase classname="backend.tests.backend_test.TestStatus" name="test_status_expected_done" time="0.042" /><testcase classname="backend.tests.backend_test.TestChannels" name="test_channels_include_german_true" time="0.076" /><testcase classname="backend.tests.backend_test.TestChannels" name="test_channels_include_german_false" time="0.043" /><testcase classname="backend.tests.backend_test.TestChannels" name="test_indian_filter_applied_to_global_categories" time="0.059" /><testcase classname="backend.tests.backend_test.TestChannels" name="test_movies_are_indian_flavored" time="0.054" /><testcase classname="backend.tests.backend_test.TestChannels" name="test_stable_ids_persist_across_requests" time="0.098" /><testcase classname="backend.tests.backend_test.TestChannels" name="test_channel_shape" time="0.045" /><testcase classname="backend.tests.backend_test.TestHero" name="test_hero_returns_channel_with_logo" time="0.062" /><testcase classname="backend.tests.backend_test.TestRefresh" name="test_refresh_response" time="0.042" /></testsuite></testsuites>